<?xml version="1.0" encoding="UTF-8"?>
<!-- Generated by org.testng.reporters.JUnitXMLReporter -->
<testsuite ignored="2" hostname="LAPTOP-0NT22F0F" failures="0" tests="1" name="Default test" time="3.388" errors="0" timestamp="2022-09-19T17:13:18 BST">
  <testcase classname="com.crm.qa.testcases.BaseUrlTest" name="T03_BaseUrlTittletest" time="0.029"/>
  <testcase classname="com.crm.qa.testcases.BaseUrlTest" name="T01_clickLoginTest" time="0.0">
    <ignored/>
  </testcase> <!-- T01_clickLoginTest -->
  <testcase classname="com.crm.qa.testcases.BaseUrlTest" name="T02_BaseUrlPageLogoTest" time="0.0">
    <ignored/>
  </testcase> <!-- T02_BaseUrlPageLogoTest -->
</testsuite> <!-- Default test -->
