<?xml version="1.0" encoding="UTF-8"?>
<!-- Generated by org.testng.reporters.JUnitXMLReporter -->
<testsuite ignored="0" hostname="LAPTOP-0NT22F0F" failures="1" tests="3" name="Command line test" time="13.831" errors="0" timestamp="2022-09-19T17:33:33 BST">
  <testcase classname="com.crm.qa.testcases.BaseUrlTest" name="T01_clickLoginTest" time="2.784"/>
  <testcase classname="com.crm.qa.testcases.BaseUrlTest" name="T02_BaseUrlPageLogoTest" time="3.267"/>
  <testcase classname="com.crm.qa.testcases.BaseUrlTest" name="T03_BaseUrlTittletest" time="0.014">
    <failure type="java.lang.AssertionError" message="expected [software for customer relationship management] but found [Free CRM software for customer relationship management]">
      <![CDATA[java.lang.AssertionError: expected [software for customer relationship management] but found [Free CRM software for customer relationship management]
at com.crm.qa.testcases.BaseUrlTest.T03_BaseUrlTittletest(BaseUrlTest.java:50)
at java.base/java.util.ArrayList.forEach(ArrayList.java:1511)
at com.crm.qa.testcases.TestRunner.main(TestRunner.java:36)
... Removed 30 stack frames]]>
    </failure>
  </testcase> <!-- T03_BaseUrlTittletest -->
</testsuite> <!-- Command line test -->
